\BOOKMARK [0][]{section*.3}{\315ndice de figuras}{}
\BOOKMARK [0][]{section*.5}{\315ndice de cuadros}{}
\BOOKMARK [0][]{chapter.1}{1 Introducci\363n}{}
\BOOKMARK [1][]{section.1.1}{1.1 CanSat}{chapter.1}
\BOOKMARK [1][]{section.1.2}{1.2 Normas CanSat}{chapter.1}
\BOOKMARK [2][]{subsection.1.2.1}{1.2.1 Requerimientos Generales}{section.1.2}
\BOOKMARK [2][]{subsection.1.2.2}{1.2.2 Clasificaci\363n de Sat\351lites por su tama\361o}{section.1.2}
\BOOKMARK [1][]{section.1.3}{1.3 Planteamiento del Problema}{chapter.1}
\BOOKMARK [1][]{section.1.4}{1.4 Descripci\363n de la Propuesta}{chapter.1}
\BOOKMARK [1][]{section.1.5}{1.5 Preguntas de Investigaci\363n}{chapter.1}
\BOOKMARK [1][]{section.1.6}{1.6 Objetivos}{chapter.1}
\BOOKMARK [2][]{subsection.1.6.1}{1.6.1 Objetivo General}{section.1.6}
\BOOKMARK [2][]{subsection.1.6.2}{1.6.2 Objetivos Espec\355ficos}{section.1.6}
\BOOKMARK [1][]{section.1.7}{1.7 Hip\363tesis}{chapter.1}
\BOOKMARK [1][]{section.1.8}{1.8 Justificaci\363n}{chapter.1}
\BOOKMARK [1][]{section.1.9}{1.9 Factibilidad}{chapter.1}
\BOOKMARK [2][]{subsection.1.9.1}{1.9.1 Factibilidad Econ\363mica}{section.1.9}
\BOOKMARK [2][]{subsection.1.9.2}{1.9.2 Factibilidad T\351cnica}{section.1.9}
\BOOKMARK [0][]{chapter.2}{2 Estado del Arte}{}
\BOOKMARK [0][]{chapter.3}{3 Metodolog\355a}{}
\BOOKMARK [1][]{section.3.1}{3.1 Universo de Estudio}{chapter.3}
\BOOKMARK [1][]{section.3.2}{3.2 M\351todo}{chapter.3}
\BOOKMARK [1][]{section.3.3}{3.3 Encuesta}{chapter.3}
\BOOKMARK [0][]{section*.9}{Referencias}{}
